<?xml version="1.0" encoding="utf-8"?>
<!DOCTYPE coverage SYSTEM "http://cobertura.sourceforge.net/xml/coverage-04.dtd">
<coverage line-rate="0.283052837573386" branch-rate="0.163545085923924" lines-covered="3616" lines-valid="12775" branches-covered="847" branches-valid="5179" complexity="4863" version="0" timestamp="1702491678">
  <sources />
  <packages>
    <package name="Microsoft.VisualStudio.TestPlatform.MSTest.TestAdapter" line-rate="0.466299416720674" branch-rate="0.290812954395241" complexity="1128">
      <classes>
        <class name="Microsoft.VisualStudio.TestPlatform.MSTest.TestAdapter.Constants" filename="/_/src/Adapter/MSTest.TestAdapter/Constants.cs" line-rate="1" branch-rate="1" complexity="1">
          <methods>
            <method name=".cctor" signature="()" line-rate="1" branch-rate="1" complexity="1">
              <lines />
            </method>
          </methods>
          <lines />
        </class>
        <class name="Microsoft.VisualStudio.TestPlatform.MSTest.TestAdapter.Discovery.AssemblyEnumerator" filename="/_/src/Adapter/MSTest.TestAdapter/Discovery/AssemblyEnumerator.cs" line-rate="1" branch-rate="1" complexity="3">
          <methods>
            <method name="RunSettingsXml" signature="()" line-rate="1" branch-rate="1" complexity="NaN">
              <lines />
            </method>
            <method name="RunSettingsXml" signature="(System.String)" line-rate="1" branch-rate="1" complexity="NaN">
              <lines />
            </method>
            <method name=".ctor" signature="()" line-rate="1" branch-rate="1" complexity="1">
              <lines />
            </method>
            <method name=".ctor" signature="(Microsoft.VisualStudio.TestPlatform.MSTest.TestAdapter.MSTestSettings)" line-rate="1" branch-rate="1" complexity="NaN">
              <lines />
            </method>
            <method name="InitializeLifetimeService" signature="()" line-rate="1" branch-rate="1" complexity="1">
              <lines />
            </method>
            <method name="EnumerateAssembly" signature="(System.String,System.Collections.Generic.ICollection`1&lt;System.String&gt;&amp;)" line-rate="1" branch-rate="1" complexity="NaN">
              <lines />
            </method>
            <method name="GetTypes" signature="(System.Reflection.Assembly,System.String,System.Collections.Generic.ICollection`1&lt;System.String&gt;)" line-rate="1" branch-rate="1" complexity="NaN">
              <lines />
            </method>
            <method name="GetLoadExceptionDetails" signature="(System.Reflection.ReflectionTypeLoadException)" line-rate="1" branch-rate="1" complexity="NaN">
              <lines />
            </method>
            <method name="GetTypeEnumerator" signature="(System.Type,System.String,System.Boolean,Microsoft.VisualStudio.TestTools.UnitTesting.TestIdGenerationStrategy)" line-rate="1" branch-rate="1" complexity="NaN">
              <lines />
            </method>
            <method name="DiscoverTestsInType" signature="(System.String,System.String,System.Type,System.Collections.Generic.List`1&lt;System.String&gt;,System.Boolean,Microsoft.VisualStudio.TestTools.UnitTesting.TestDataSourceDiscoveryOption,Microsoft.VisualStudio.TestTools.UnitTesting.TestIdGenerationStrategy)" line-rate="1" branch-rate="1" complexity="NaN">
              <lines />
            </method>
            <method name="DynamicDataAttached" signature="(System.Collections.Generic.IDictionary`2&lt;System.String,System.Object&gt;,Microsoft.VisualStudio.TestPlatform.MSTest.TestAdapter.ObjectModel.UnitTestElement,System.Collections.Generic.List`1&lt;Microsoft.VisualStudio.TestPlatform.MSTest.TestAdapter.ObjectModel.UnitTestElement&gt;)" line-rate="1" branch-rate="1" complexity="NaN">
              <lines />
            </method>
            <method name="TryProcessDataSource" signature="(Microsoft.VisualStudio.TestPlatform.MSTest.TestAdapter.ObjectModel.UnitTestElement,Microsoft.VisualStudio.TestPlatform.MSTest.TestAdapter.Execution.TestMethodInfo,Microsoft.VisualStudio.TestPlatform.MSTestAdapter.PlatformServices.Interface.ITestContext,System.Collections.Generic.List`1&lt;Microsoft.VisualStudio.TestPlatform.MSTest.TestAdapter.ObjectModel.UnitTestElement&gt;)" line-rate="1" branch-rate="1" complexity="NaN">
              <lines />
            </method>
            <method name="TryProcessDataSourceTests" signature="(Microsoft.VisualStudio.TestPlatform.MSTest.TestAdapter.ObjectModel.UnitTestElement,Microsoft.VisualStudio.TestPlatform.MSTest.TestAdapter.Execution.TestMethodInfo,Microsoft.VisualStudio.TestPlatform.MSTestAdapter.PlatformServices.Interface.ITestContext,System.Collections.Generic.List`1&lt;Microsoft.VisualStudio.TestPlatform.MSTest.TestAdapter.ObjectModel.UnitTestElement&gt;)" line-rate="1" branch-rate="1" complexity="NaN">
              <lines />
            </method>
            <method name="TryProcessTestDataSourceTests" signature="(Microsoft.VisualStudio.TestPlatform.MSTest.TestAdapter.ObjectModel.UnitTestElement,Microsoft.VisualStudio.TestPlatform.MSTest.TestAdapter.Execution.TestMethodInfo,System.Collections.Generic.List`1&lt;Microsoft.VisualStudio.TestPlatform.MSTest.TestAdapter.ObjectModel.UnitTestElement&gt;)" line-rate="1" branch-rate="1" complexity="NaN">
              <lines />
            </method>
            <method name="ProcessTestDataSourceTests" signature="(Microsoft.VisualStudio.TestPlatform.MSTest.TestAdapter.ObjectModel.UnitTestElement,System.Reflection.MethodInfo,Microsoft.VisualStudio.TestTools.UnitTesting.ITestDataSource[],System.Collections.Generic.List`1&lt;Microsoft.VisualStudio.TestPlatform.MSTest.TestAdapter.ObjectModel.UnitTestElement&gt;)" line-rate="1" branch-rate="1" complexity="NaN">
              <lines />
            </method>
            <method name=".cctor" signature="()" line-rate="1" branch-rate="1" complexity="1">
              <lines />
            </method>
          </methods>
          <lines />
        </class>
        <class name="Microsoft.VisualStudio.TestPlatform.MSTest.TestAdapter.Discovery.AssemblyEnumeratorWrapper" filename="/_/src/Adapter/MSTest.TestAdapter/Discovery/AssemblyEnumeratorWrapper.cs" line-rate="1" branch-rate="1" complexity="1">
          <methods>
            <method name="GetTests" signature="(System.String,Microsoft.VisualStudio.TestPlatform.ObjectModel.Adapter.IRunSettings,System.Collections.Generic.ICollection`1&lt;System.String&gt;&amp;)" line-rate="1" branch-rate="1" complexity="NaN">
              <lines />
            </method>
            <method name="GetTestsInIsolation" signature="(System.String,Microsoft.VisualStudio.TestPlatform.ObjectModel.Adapter.IRunSettings,System.Collections.Generic.ICollection`1&lt;System.String&gt;&amp;)" line-rate="1" branch-rate="1" complexity="NaN">
              <lines />
            </method>
            <method name=".cctor" signature="()" line-rate="1" branch-rate="1" complexity="1">
              <lines />
            </method>
          </methods>
          <lines />
        </class>
        <class name="Microsoft.VisualStudio.TestPlatform.MSTest.TestAdapter.Discovery.TestMethodValidator" filename="/_/src/Adapter/MSTest.TestAdapter/Discovery/TestMethodValidator.cs" line-rate="1" branch-rate="1" complexity="NaN">
          <methods>
            <method name=".ctor" signature="(Microsoft.VisualStudio.TestPlatform.MSTest.TestAdapter.Helpers.ReflectHelper)" line-rate="1" branch-rate="1" complexity="NaN">
              <lines />
            </method>
            <method name=".ctor" signature="(Microsoft.VisualStudio.TestPlatform.MSTest.TestAdapter.Helpers.ReflectHelper,System.Boolean)" line-rate="1" branch-rate="1" complexity="NaN">
              <lines />
            </method>
            <method name="IsValidTestMethod" signature="(System.Reflection.MethodInfo,System.Type,System.Collections.Generic.ICollection`1&lt;System.String&gt;)" line-rate="1" branch-rate="1" complexity="NaN">
              <lines />
            </method>
          </methods>
          <lines />
        </class>
        <class name="Microsoft.VisualStudio.TestPlatform.MSTest.TestAdapter.Discovery.TypeEnumerator" filename="/_/src/Adapter/MSTest.TestAdapter/Discovery/TypeEnumerator.cs" line-rate="1" branch-rate="1" complexity="NaN">
          <methods>
            <method name=".ctor" signature="(System.Type,System.String,Microsoft.VisualStudio.TestPlatform.MSTest.TestAdapter.Helpers.ReflectHelper,Microsoft.VisualStudio.TestPlatform.MSTest.TestAdapter.Discovery.TypeValidator,Microsoft.VisualStudio.TestPlatform.MSTest.TestAdapter.Discovery.TestMethodValidator,Microsoft.VisualStudio.TestTools.UnitTesting.TestIdGenerationStrategy)" line-rate="1" branch-rate="1" complexity="NaN">
              <lines />
            </method>
            <method name="Enumerate" signature="(System.Collections.Generic.ICollection`1&lt;System.String&gt;&amp;)" line-rate="1" branch-rate="1" complexity="NaN">
              <lines />
            </method>
            <method name="GetTests" signature="(System.Collections.Generic.ICollection`1&lt;System.String&gt;)" line-rate="1" branch-rate="1" complexity="NaN">
              <lines />
            </method>
            <method name="GetTestFromMethod" signature="(System.Reflection.MethodInfo,System.Boolean,System.Collections.Generic.ICollection`1&lt;System.String&gt;)" line-rate="1" branch-rate="1" complexity="NaN">
              <lines />
            </method>
          </methods>
          <lines />
        </class>
        <class name="Microsoft.VisualStudio.TestPlatform.MSTest.TestAdapter.Discovery.TypeValidator" filename="/_/src/Adapter/MSTest.TestAdapter/Discovery/TypeValidator.cs" line-rate="1" branch-rate="1" complexity="NaN">
          <methods>
            <method name=".ctor" signature="(Microsoft.VisualStudio.TestPlatform.MSTest.TestAdapter.Helpers.ReflectHelper)" line-rate="1" branch-rate="1" complexity="NaN">
              <lines />
            </method>
            <method name=".ctor" signature="(Microsoft.VisualStudio.TestPlatform.MSTest.TestAdapter.Helpers.ReflectHelper,System.Boolean)" line-rate="1" branch-rate="1" complexity="NaN">
              <lines />
            </method>
            <method name="IsValidTestClass" signature="(System.Type,System.Collections.Generic.ICollection`1&lt;System.String&gt;)" line-rate="1" branch-rate="1" complexity="NaN">
              <lines />
            </method>
            <method name="HasCorrectTestContextSignature" signature="(System.Type)" line-rate="1" branch-rate="1" complexity="NaN">
              <lines />
            </method>
            <method name="TypeHasValidAccessibility" signature="(System.Reflection.TypeInfo,System.Boolean)" line-rate="1" branch-rate="1" complexity="NaN">
              <lines />
            </method>
          </methods>
          <lines />
        </class>
        <class name="Microsoft.VisualStudio.TestPlatform.MSTest.TestAdapter.Execution.ExceptionHelper" filename="/_/src/Adapter/MSTest.TestAdapter/Execution/ExceptionHelper.cs" line-rate="1" branch-rate="1" complexity="1">
          <methods>
            <method name="GetStackTraceInformation" signature="(System.Exception)" line-rate="1" branch-rate="1" complexity="NaN">
              <lines />
            </method>
            <method name="TrimStackTrace" signature="(System.String)" line-rate="1" branch-rate="1" complexity="NaN">
              <lines />
            </method>
            <method name="GetFormattedExceptionMessage" signature="(System.Exception)" line-rate="1" branch-rate="1" complexity="NaN">
              <lines />
            </method>
            <method name="CreateStackTraceInformation" signature="(System.Exception,System.Boolean,System.String)" line-rate="1" branch-rate="1" complexity="NaN">
              <lines />
            </method>
            <method name="HasReferenceToUTF" signature="(System.String)" line-rate="1" branch-rate="1" complexity="NaN">
              <lines />
            </method>
            <method name=".cctor" signature="()" line-rate="1" branch-rate="1" complexity="1">
              <lines />
            </method>
          </methods>
          <lines />
        </class>
        <class name="Microsoft.VisualStudio.TestPlatform.MSTest.TestAdapter.Execution.LogMessageListener" filename="/_/src/Adapter/MSTest.TestAdapter/Execution/LogMessageListener.cs" line-rate="1" branch-rate="1" complexity="7">
          <methods>
            <method name="StandardOutput" signature="()" line-rate="1" branch-rate="1" complexity="NaN">
              <lines />
            </method>
            <method name="StandardError" signature="()" line-rate="1" branch-rate="1" complexity="NaN">
              <lines />
            </method>
            <method name="DebugTrace" signature="()" line-rate="1" branch-rate="1" complexity="NaN">
              <lines />
            </method>
            <method name=".ctor" signature="(System.Boolean)" line-rate="1" branch-rate="1" complexity="NaN">
              <lines />
            </method>
            <method name="Finalize" signature="()" line-rate="1" branch-rate="1" complexity="1">
              <lines />
            </method>
            <method name="GetAndClearStandardOutput" signature="()" line-rate="1" branch-rate="1" complexity="1">
              <lines />
            </method>
            <method name="GetAndClearStandardError" signature="()" line-rate="1" branch-rate="1" complexity="1">
              <lines />
            </method>
            <method name="GetAndClearDebugTrace" signature="()" line-rate="1" branch-rate="1" complexity="2">
              <lines />
            </method>
            <method name="Dispose" signature="()" line-rate="1" branch-rate="1" complexity="1">
              <lines />
            </method>
            <method name="Dispose" signature="(System.Boolean)" line-rate="1" branch-rate="1" complexity="NaN">
              <lines />
            </method>
            <method name=".cctor" signature="()" line-rate="1" branch-rate="1" complexity="1">
              <lines />
            </method>
          </methods>
          <lines />
        </class>
        <class name="Microsoft.VisualStudio.TestPlatform.MSTest.TestAdapter.Execution.RunCleanupResult" filename="/_/src/Adapter/MSTest.TestAdapter/Execution/RunCleanupResult.cs" line-rate="1" branch-rate="1" complexity="NaN">
          <methods>
            <method name="StandardOut" signature="()" line-rate="1" branch-rate="1" complexity="NaN">
              <lines />
            </method>
            <method name="StandardOut" signature="(System.String)" line-rate="1" branch-rate="1" complexity="NaN">
              <lines />
            </method>
            <method name="StandardError" signature="()" line-rate="1" branch-rate="1" complexity="NaN">
              <lines />
            </method>
            <method name="StandardError" signature="(System.String)" line-rate="1" branch-rate="1" complexity="NaN">
              <lines />
            </method>
            <method name="DebugTrace" signature="()" line-rate="1" branch-rate="1" complexity="NaN">
              <lines />
            </method>
            <method name="DebugTrace" signature="(System.String)" line-rate="1" branch-rate="1" complexity="NaN">
              <lines />
            </method>
            <method name="Warnings" signature="()" line-rate="1" branch-rate="1" complexity="NaN">
              <lines />
            </method>
            <method name="Warnings" signature="(System.Collections.Generic.IList`1&lt;System.String&gt;)" line-rate="1" branch-rate="1" complexity="NaN">
              <lines />
            </method>
          </methods>
          <lines />
        </class>
        <class name="Microsoft.VisualStudio.TestPlatform.MSTest.TestAdapter.Execution.TcmTestPropertiesProvider" filename="/_/src/Adapter/MSTest.TestAdapter/Execution/TcmTestPropertiesProvider.cs" line-rate="1" branch-rate="1" complexity="NaN">
          <methods>
            <method name="GetTcmProperties" signature="(Microsoft.VisualStudio.TestPlatform.ObjectModel.TestCase)" line-rate="1" branch-rate="1" complexity="NaN">
              <lines />
            </method>
          </methods>
          <lines />
        </class>
        <class name="Microsoft.VisualStudio.TestPlatform.MSTest.TestAdapter.Execution.TestAssemblyInfo" filename="/_/src/Adapter/MSTest.TestAdapter/Execution/TestAssemblyInfo.cs" line-rate="1" branch-rate="1" complexity="18">
          <methods>
            <method name="AssemblyInitializeMethod" signature="()" line-rate="1" branch-rate="1" complexity="NaN">
              <lines />
            </method>
            <method name="AssemblyInitializeMethod" signature="(System.Reflection.MethodInfo)" line-rate="1" branch-rate="1" complexity="NaN">
              <lines />
            </method>
            <method name="AssemblyCleanupMethod" signature="()" line-rate="1" branch-rate="1" complexity="NaN">
              <lines />
            </method>
            <method name="AssemblyCleanupMethod" signature="(System.Reflection.MethodInfo)" line-rate="1" branch-rate="1" complexity="NaN">
              <lines />
            </method>
            <method name="IsAssemblyInitializeExecuted" signature="()" line-rate="1" branch-rate="1" complexity="NaN">
              <lines />
            </method>
            <method name="IsAssemblyInitializeExecuted" signature="(System.Boolean)" line-rate="1" branch-rate="1" complexity="NaN">
              <lines />
            </method>
            <method name="AssemblyInitializationException" signature="()" line-rate="1" branch-rate="1" complexity="NaN">
              <lines />
            </method>
            <method name="AssemblyInitializationException" signature="(System.Exception)" line-rate="1" branch-rate="1" complexity="NaN">
              <lines />
            </method>
            <method name="HasExecutableCleanupMethod" signature="()" line-rate="1" branch-rate="1" complexity="NaN">
              <lines />
            </method>
            <method name="Assembly" signature="()" line-rate="1" branch-rate="1" complexity="NaN">
              <lines />
            </method>
            <method name=".ctor" signature="(System.Reflection.Assembly)" line-rate="1" branch-rate="1" complexity="NaN">
              <lines />
            </method>
            <method name="RunAssemblyInitialize" signature="(Microsoft.VisualStudio.TestTools.UnitTesting.TestContext)" line-rate="1" branch-rate="1" complexity="NaN">
              <lines />
            </method>
            <method name="RunAssemblyCleanup" signature="()" line-rate="1" branch-rate="1" complexity="9">
              <lines />
            </method>
            <method name="ExecuteAssemblyCleanup" signature="()" line-rate="1" branch-rate="1" complexity="9">
              <lines />
            </method>
          </methods>
          <lines />
        </class>
        <class name="Microsoft.VisualStudio.TestPlatform.MSTest.TestAdapter.Execution.TestAssemblySettingsProvider" filename="/_/src/Adapter/MSTest.TestAdapter/Execution/TestAssemblySettingsProvider.cs" line-rate="1" branch-rate="1" complexity="1">
          <methods>
            <method name="InitializeLifetimeService" signature="()" line-rate="1" branch-rate="1" complexity="1">
              <lines />
            </method>
            <method name="GetSettings" signature="(System.String)" line-rate="1" branch-rate="1" complexity="NaN">
              <lines />
            </method>
          </methods>
          <lines />
        </class>
        <class name="Microsoft.VisualStudio.TestPlatform.MSTest.TestAdapter.Execution.TestCaseDiscoverySink" filename="/_/src/Adapter/MSTest.TestAdapter/Execution/TestCaseDiscoverySink.cs" line-rate="1" branch-rate="1" complexity="1">
          <methods>
            <method name="Tests" signature="()" line-rate="1" branch-rate="1" complexity="NaN">
              <lines />
            </method>
            <method name=".ctor" signature="()" line-rate="1" branch-rate="1" complexity="1">
              <lines />
            </method>
            <method name="SendTestCase" signature="(Microsoft.VisualStudio.TestPlatform.ObjectModel.TestCase)" line-rate="1" branch-rate="1" complexity="NaN">
              <lines />
            </method>
          </methods>
          <lines />
        </class>
        <class name="Microsoft.VisualStudio.TestPlatform.MSTest.TestAdapter.Execution.TestClassInfo" filename="/_/src/Adapter/MSTest.TestAdapter/Execution/TestClassInfo.cs" line-rate="1" branch-rate="1" complexity="18">
          <methods>
            <method name="ClassAttribute" signature="()" line-rate="1" branch-rate="1" complexity="NaN">
              <lines />
            </method>
            <method name="ClassType" signature="()" line-rate="1" branch-rate="1" complexity="NaN">
              <lines />
            </method>
            <method name="Constructor" signature="()" line-rate="1" branch-rate="1" complexity="NaN">
              <lines />
            </method>
            <method name="TestContextProperty" signature="()" line-rate="1" branch-rate="1" complexity="NaN">
              <lines />
            </method>
            <method name="Parent" signature="()" line-rate="1" branch-rate="1" complexity="NaN">
              <lines />
            </method>
            <method name="ClassInitializeMethod" signature="()" line-rate="1" branch-rate="1" complexity="NaN">
              <lines />
            </method>
            <method name="ClassInitializeMethod" signature="(System.Reflection.MethodInfo)" line-rate="1" branch-rate="1" complexity="NaN">
              <lines />
            </method>
            <method name="IsClassInitializeExecuted" signature="()" line-rate="1" branch-rate="1" complexity="NaN">
              <lines />
            </method>
            <method name="IsClassInitializeExecuted" signature="(System.Boolean)" line-rate="1" branch-rate="1" complexity="NaN">
              <lines />
            </method>
            <method name="IsClassCleanupExecuted" signature="()" line-rate="1" branch-rate="1" complexity="NaN">
              <lines />
            </method>
            <method name="IsClassCleanupExecuted" signature="(System.Boolean)" line-rate="1" branch-rate="1" complexity="NaN">
              <lines />
            </method>
            <method name="BaseClassCleanupMethodsStack" signature="()" line-rate="1" branch-rate="1" complexity="NaN">
              <lines />
            </method>
            <method name="BaseClassCleanupMethodsStack" signature="(System.Collections.Generic.Stack`1&lt;System.Reflection.MethodInfo&gt;)" line-rate="1" branch-rate="1" complexity="NaN">
              <lines />
            </method>
            <method name="ClassInitializationException" signature="()" line-rate="1" branch-rate="1" complexity="NaN">
              <lines />
            </method>
            <method name="ClassInitializationException" signature="(System.Exception)" line-rate="1" branch-rate="1" complexity="NaN">
              <lines />
            </method>
            <method name="ClassCleanupException" signature="()" line-rate="1" branch-rate="1" complexity="NaN">
              <lines />
            </method>
            <method name="ClassCleanupException" signature="(System.Exception)" line-rate="1" branch-rate="1" complexity="NaN">
              <lines />
            </method>
            <method name="ClassCleanupMethod" signature="()" line-rate="1" branch-rate="1" complexity="NaN">
              <lines />
            </method>
            <method name="ClassCleanupMethod" signature="(System.Reflection.MethodInfo)" line-rate="1" branch-rate="1" complexity="NaN">
              <lines />
            </method>
            <method name="HasExecutableCleanupMethod" signature="()" line-rate="1" branch-rate="1" complexity="NaN">
              <lines />
            </method>
            <method name="BaseClassInitAndCleanupMethods" signature="()" line-rate="1" branch-rate="1" complexity="NaN">
              <lines />
            </method>
            <method name="TestInitializeMethod" signature="()" line-rate="1" branch-rate="1" complexity="NaN">
              <lines />
            </method>
            <method name="TestInitializeMethod" signature="(System.Reflection.MethodInfo)" line-rate="1" branch-rate="1" complexity="NaN">
              <lines />
            </method>
            <method name="TestCleanupMethod" signature="()" line-rate="1" branch-rate="1" complexity="NaN">
              <lines />
            </method>
            <method name="TestCleanupMethod" signature="(System.Reflection.MethodInfo)" line-rate="1" branch-rate="1" complexity="NaN">
              <lines />
            </method>
            <method name="BaseTestInitializeMethodsQueue" signature="()" line-rate="1" branch-rate="1" complexity="NaN">
              <lines />
            </method>
            <method name="BaseTestCleanupMethodsQueue" signature="()" line-rate="1" branch-rate="1" complexity="NaN">
              <lines />
            </method>
            <method name=".ctor" signature="(System.Type,System.Reflection.ConstructorInfo,System.Reflection.PropertyInfo,Microsoft.VisualStudio.TestTools.UnitTesting.TestClassAttribute,Microsoft.VisualStudio.TestPlatform.MSTest.TestAdapter.Execution.TestAssemblyInfo)" line-rate="1" branch-rate="1" complexity="NaN">
              <lines />
            </method>
            <method name="RunClassInitialize" signature="(Microsoft.VisualStudio.TestTools.UnitTesting.TestContext)" line-rate="1" branch-rate="1" complexity="NaN">
              <lines />
            </method>
            <method name="RunClassCleanup" signature="(Microsoft.VisualStudio.TestTools.UnitTesting.ClassCleanupBehavior)" line-rate="1" branch-rate="1" complexity="NaN">
              <lines />
            </method>
            <method name="ExecuteClassCleanup" signature="()" line-rate="1" branch-rate="1" complexity="18">
              <lines />
            </method>
          </methods>
          <lines />
        </class>
        <class name="Microsoft.VisualStudio.TestPlatform.MSTest.TestAdapter.Execution.TestExecutionManager" filename="/_/src/Adapter/MSTest.TestAdapter/Execution/TestExecutionManager.cs" line-rate="1" branch-rate="1" complexity="2">
          <methods>
            <method name="TestMethodFilter" signature="()" line-rate="1" branch-rate="1" complexity="NaN">
              <lines />
            </method>
            <method name="TestMethodFilter" signature="(Microsoft.VisualStudio.TestPlatform.MSTest.TestAdapter.TestMethodFilter)" line-rate="1" branch-rate="1" complexity="NaN">
              <lines />
            </method>
            <method name="HasAnyTestFailed" signature="()" line-rate="1" branch-rate="1" complexity="NaN">
              <lines />
            </method>
            <method name="HasAnyTestFailed" signature="(System.Boolean)" line-rate="1" branch-rate="1" complexity="NaN">
              <lines />
            </method>
            <method name=".ctor" signature="()" line-rate="1" branch-rate="1" complexity="1">
              <lines />
            </method>
            <method name=".ctor" signature="(Microsoft.VisualStudio.TestPlatform.MSTest.TestAdapter.Helpers.IEnvironment,System.Func`2&lt;System.Action,System.Threading.Tasks.Task&gt;)" line-rate="1" branch-rate="1" complexity="NaN">
              <lines />
            </method>
            <method name="RunTests" signature="(System.Collections.Generic.IEnumerable`1&lt;Microsoft.VisualStudio.TestPlatform.ObjectModel.TestCase&gt;,Microsoft.VisualStudio.TestPlatform.ObjectModel.Adapter.IRunContext,Microsoft.VisualStudio.TestPlatform.ObjectModel.Adapter.IFrameworkHandle,Microsoft.VisualStudio.TestPlatform.MSTest.TestAdapter.TestRunCancellationToken)" line-rate="1" branch-rate="1" complexity="NaN">
              <lines />
            </method>
            <method name="RunTests" signature="(System.Collections.Generic.IEnumerable`1&lt;System.String&gt;,Microsoft.VisualStudio.TestPlatform.ObjectModel.Adapter.IRunContext,Microsoft.VisualStudio.TestPlatform.ObjectModel.Adapter.IFrameworkHandle,Microsoft.VisualStudio.TestPlatform.MSTest.TestAdapter.TestRunCancellationToken)" line-rate="1" branch-rate="1" complexity="NaN">
              <lines />
            </method>
            <method name="ExecuteTests" signature="(System.Collections.Generic.IEnumerable`1&lt;Microsoft.VisualStudio.TestPlatform.ObjectModel.TestCase&gt;,Microsoft.VisualStudio.TestPlatform.ObjectModel.Adapter.IRunContext,Microsoft.VisualStudio.TestPlatform.ObjectModel.Adapter.IFrameworkHandle,System.Boolean)" line-rate="1" branch-rate="1" complexity="NaN">
              <lines />
            </method>
            <method name="GetUnitTestDiscoverer" signature="()" line-rate="1" branch-rate="1" complexity="1">
              <lines />
            </method>
            <method name="SendTestResults" signature="(Microsoft.VisualStudio.TestPlatform.ObjectModel.TestCase,Microsoft.VisualStudio.TestPlatform.MSTest.TestAdapter.ObjectModel.UnitTestResult[],System.DateTimeOffset,System.DateTimeOffset,Microsoft.VisualStudio.TestPlatform.ObjectModel.Adapter.ITestExecutionRecorder)" line-rate="1" branch-rate="1" complexity="NaN">
              <lines />
            </method>
            <method name="MatchTestFilter" signature="(Microsoft.VisualStudio.TestPlatform.ObjectModel.Adapter.ITestCaseFilterExpression,Microsoft.VisualStudio.TestPlatform.ObjectModel.TestCase,Microsoft.VisualStudio.TestPlatform.MSTest.TestAdapter.TestMethodFilter)" line-rate="1" branch-rate="1" complexity="NaN">
              <lines />
            </method>
            <method name="ExecuteTestsInSource" signature="(System.Collections.Generic.IEnumerable`1&lt;Microsoft.VisualStudio.TestPlatform.ObjectModel.TestCase&gt;,Microsoft.VisualStudio.TestPlatform.ObjectModel.Adapter.IRunContext,Microsoft.VisualStudio.TestPlatform.ObjectModel.Adapter.IFrameworkHandle,System.String,System.Boolean)" line-rate="1" branch-rate="1" complexity="NaN">
              <lines />
            </method>
            <method name="InitializeClassCleanupManager" signature="(System.String,Microsoft.VisualStudio.TestPlatform.MSTest.TestAdapter.Execution.UnitTestRunner,System.Collections.Generic.ICollection`1&lt;Microsoft.VisualStudio.TestPlatform.ObjectModel.TestCase&gt;,Microsoft.VisualStudio.TestPlatform.MSTest.TestAdapter.ObjectModel.TestAssemblySettings)" line-rate="1" branch-rate="1" complexity="NaN">
              <lines />
            </method>
            <method name="ExecuteTestsWithTestRunner" signature="(System.Collections.Generic.IEnumerable`1&lt;Microsoft.VisualStudio.TestPlatform.ObjectModel.TestCase&gt;,Microsoft.VisualStudio.TestPlatform.ObjectModel.Adapter.ITestExecutionRecorder,System.String,System.Collections.Generic.IDictionary`2&lt;System.String,System.Object&gt;,Microsoft.VisualStudio.TestPlatform.MSTest.TestAdapter.Execution.UnitTestRunner)" line-rate="1" branch-rate="1" complexity="NaN">
              <lines />
            </method>
            <method name="GetTestContextProperties" signature="(System.Collections.Generic.IDictionary`2&lt;Microsoft.VisualStudio.TestPlatform.ObjectModel.TestProperty,System.Object&gt;,System.Collections.Generic.IDictionary`2&lt;System.String,System.Object&gt;)" line-rate="1" branch-rate="1" complexity="NaN">
              <lines />
            </method>
            <method name="CacheSessionParameters" signature="(Microsoft.VisualStudio.TestPlatform.ObjectModel.Adapter.IRunContext,Microsoft.VisualStudio.TestPlatform.ObjectModel.Adapter.ITestExecutionRecorder)" line-rate="1" branch-rate="1" complexity="NaN">
              <lines />
            </method>
          </methods>
          <lines />
        </class>
        <class name="Microsoft.VisualStudio.TestPlatform.MSTest.TestAdapter.Execution.TestMethodInfo" filename="/_/src/Adapter/MSTest.TestAdapter/Execution/TestMethodInfo.cs" line-rate="1" branch-rate="1" complexity="NaN">
          <methods>
            <method name="IsTimeoutSet" signature="()" line-rate="1" branch-rate="1" complexity="NaN">
              <lines />
            </method>
            <method name="NotRunnableReason" signature="()" line-rate="1" branch-rate="1" complexity="NaN">
              <lines />
            </method>
            <method name="NotRunnableReason" signature="(System.String)" line-rate="1" branch-rate="1" complexity="NaN">
              <lines />
            </method>
            <method name="IsRunnable" signature="()" line-rate="1" branch-rate="1" complexity="NaN">
              <lines />
            </method>
            <method name="ParameterTypes" signature="()" line-rate="1" branch-rate="1" complexity="NaN">
              <lines />
            </method>
            <method name="ReturnType" signature="()" line-rate="1" branch-rate="1" complexity="NaN">
              <lines />
            </method>
            <method name="TestClassName" signature="()" line-rate="1" branch-rate="1" complexity="NaN">
              <lines />
            </method>
            <method name="TestMethodName" signature="()" line-rate="1" branch-rate="1" complexity="NaN">
              <lines />
            </method>
            <method name="MethodInfo" signature="()" line-rate="1" branch-rate="1" complexity="NaN">
              <lines />
            </method>
            <method name="Arguments" signature="()" line-rate="1" branch-rate="1" complexity="NaN">
              <lines />
            </method>
            <method name="Arguments" signature="(System.Object[])" line-rate="1" branch-rate="1" complexity="NaN">
              <lines />
            </method>
            <method name="TestMethod" signature="()" line-rate="1" branch-rate="1" complexity="NaN">
              <lines />
            </method>
            <method name="Parent" signature="()" line-rate="1" branch-rate="1" complexity="NaN">
              <lines />
            </method>
            <method name="TestMethodOptions" signature="()" line-rate="1" branch-rate="1" complexity="NaN">
              <lines />
            </method>
            <method name=".ctor" signature="(System.Reflection.MethodInfo,Microsoft.VisualStudio.TestPlatform.MSTest.TestAdapter.Execution.TestClassInfo,Microsoft.VisualStudio.TestPlatform.MSTest.TestAdapter.ObjectModel.TestMethodOptions)" line-rate="1" branch-rate="1" complexity="NaN">
              <lines />
            </method>
            <method name="GetAllAttributes" signature="(System.Boolean)" line-rate="1" branch-rate="1" complexity="NaN">
              <lines />
            </method>
            <method name="GetAttributes" signature="(System.Boolean)" line-rate="1" branch-rate="1" complexity="NaN">
              <lines />
            </method>
            <method name="Invoke" signature="(System.Object[])" line-rate="1" branch-rate="1" complexity="NaN">
              <lines />
            </method>
            <method name="SetArguments" signature="(System.Object[])" line-rate="1" branch-rate="1" complexity="NaN">
              <lines />
            </method>
            <method name="ResolveArguments" signature="(System.Object[])" line-rate="1" branch-rate="1" complexity="NaN">
              <lines />
            </method>
            <method name="ExecuteInternal" signature="(System.Object[])" line-rate="1" branch-rate="1" complexity="NaN">
              <lines />
            </method>
            <method name="IsExpectedException" signature="(System.Exception,Microsoft.VisualStudio.TestTools.UnitTesting.TestResult)" line-rate="1" branch-rate="1" complexity="NaN">
              <lines />
            </method>
            <method name="GetRealException" signature="(System.Exception)" line-rate="1" branch-rate="1" complexity="NaN">
              <lines />
            </method>
            <method name="HandleMethodException" signature="(System.Exception,System.String,System.String)" line-rate="1" branch-rate="1" complexity="NaN">
              <lines />
            </method>
            <method name="RunTestCleanupMethod" signature="(System.Object,Microsoft.VisualStudio.TestTools.UnitTesting.TestResult)" line-rate="1" branch-rate="1" complexity="NaN">
              <lines />
            </method>
            <method name="RunTestInitializeMethod" signature="(System.Object,Microsoft.VisualStudio.TestTools.UnitTesting.TestResult)" line-rate="1" branch-rate="1" complexity="NaN">
              <lines />
            </method>
            <method name="SetTestContext" signature="(System.Object,Microsoft.VisualStudio.TestTools.UnitTesting.TestResult)" line-rate="1" branch-rate="1" complexity="NaN">
              <lines />
            </method>
            <method name="CreateTestClassInstance" signature="(Microsoft.VisualStudio.TestTools.UnitTesting.TestResult)" line-rate="1" branch-rate="1" complexity="NaN">
              <lines />
            </method>
            <method name="ExecuteInternalWithTimeout" signature="(System.Object[])" line-rate="1" branch-rate="1" complexity="NaN">
              <lines />
            </method>
          </methods>
          <lines />
        </class>
        <class name="Microsoft.VisualStudio.TestPlatform.MSTest.TestAdapter.Execution.TestMethodRunner" filename="/_/src/Adapter/MSTest.TestAdapter/Execution/TestMethodRunner.cs" line-rate="1" branch-rate="1" complexity="13">
          <methods>
            <method name=".ctor" signature="(Microsoft.VisualStudio.TestPlatform.MSTest.TestAdapter.Execution.TestMethodInfo,Microsoft.VisualStudio.TestPlatform.MSTest.TestAdapter.ObjectModel.TestMethod,Microsoft.VisualStudio.TestPlatform.MSTestAdapter.PlatformServices.Interface.ITestContext,System.Boolean)" line-rate="1" branch-rate="1" complexity="NaN">
              <lines />
            </method>
            <method name="Execute" signature="()" line-rate="1" branch-rate="1" complexity="4">
              <lines />
            </method>
            <method name="RunTestMethod" signature="()" line-rate="1" branch-rate="1" complexity="9">
              <lines />
            </method>
            <method name="ExecuteDataSourceBasedTests" signature="(System.Collections.Generic.List`1&lt;Microsoft.VisualStudio.TestTools.UnitTesting.TestResult&gt;)" line-rate="1" branch-rate="1" complexity="NaN">
              <lines />
            </method>
            <method name="ExecuteTestWithDataSource" signature="(Microsoft.VisualStudio.TestTools.UnitTesting.ITestDataSource,System.Object[])" line-rate="1" branch-rate="1" complexity="NaN">
              <lines />
            </method>
            <method name="ExecuteTestWithDataRow" signature="(System.Object,System.Int32)" line-rate="1" branch-rate="1" complexity="NaN">
              <lines />
            </method>
            <method name="ExecuteTest" signature="(Microsoft.VisualStudio.TestPlatform.MSTest.TestAdapter.Execution.TestMethodInfo)" line-rate="1" branch-rate="1" complexity="NaN">
              <lines />
            </method>
            <method name="GetAggregateOutcome" signature="(System.Collections.Generic.List`1&lt;Microsoft.VisualStudio.TestTools.UnitTesting.TestResult&gt;)" line-rate="1" branch-rate="1" complexity="NaN">
              <lines />
            </method>
            <method name="UpdateResultsWithParentInfo" signature="(System.Collections.Generic.List`1&lt;Microsoft.VisualStudio.TestTools.UnitTesting.TestResult&gt;)" line-rate="1" branch-rate="1" complexity="NaN">
              <lines />
            </method>
            <method name="UpdateResultsWithParentInfo" signature="(System.Collections.Generic.List`1&lt;Microsoft.VisualStudio.TestTools.UnitTesting.TestResult&gt;,Microsoft.VisualStudio.TestTools.UnitTesting.TestResult)" line-rate="1" branch-rate="1" complexity="NaN">
              <lines />
            </method>
          </methods>
          <lines />
        </class>
        <class name="Microsoft.VisualStudio.TestPlatform.MSTest.TestAdapter.Execution.TypeCache" filename="/_/src/Adapter/MSTest.TestAdapter/Execution/TypeCache.cs" line-rate="1" branch-rate="1" complexity="3">
          <methods>
            <method name="ClassInfoListWithExecutableCleanupMethods" signature="()" line-rate="1" branch-rate="1" complexity="NaN">
              <lines />
            </method>
            <method name="AssemblyInfoListWithExecutableCleanupMethods" signature="()" line-rate="1" branch-rate="1" complexity="NaN">
              <lines />
            </method>
            <method name="AssemblyInfoCache" signature="()" line-rate="1" branch-rate="1" complexity="NaN">
              <lines />
            </method>
            <method name="ClassInfoCache" signature="()" line-rate="1" branch-rate="1" complexity="NaN">
              <lines />
            </method>
            <method name=".ctor" signature="()" line-rate="1" branch-rate="1" complexity="1">
              <lines />
            </method>
            <method name=".ctor" signature="(Microsoft.VisualStudio.TestPlatform.MSTest.TestAdapter.Helpers.ReflectHelper)" line-rate="1" branch-rate="1" complexity="NaN">
              <lines />
            </method>
            <method name="GetTestMethodInfo" signature="(Microsoft.VisualStudio.TestPlatform.MSTest.TestAdapter.ObjectModel.TestMethod,Microsoft.VisualStudio.TestPlatform.MSTestAdapter.PlatformServices.Interface.ITestContext,System.Boolean)" line-rate="1" branch-rate="1" complexity="NaN">
              <lines />
            </method>
            <method name="InitializeLifetimeService" signature="()" line-rate="1" branch-rate="1" complexity="1">
              <lines />
            </method>
            <method name="GetClassInfo" signature="(Microsoft.VisualStudio.TestPlatform.MSTest.TestAdapter.ObjectModel.TestMethod)" line-rate="1" branch-rate="1" complexity="NaN">
              <lines />
            </method>
            <method name="LoadType" signature="(System.String,System.String)" line-rate="1" branch-rate="1" complexity="NaN">
              <lines />
            </method>
            <method name="CreateClassInfo" signature="(System.Type,Microsoft.VisualStudio.TestPlatform.MSTest.TestAdapter.ObjectModel.TestMethod)" line-rate="1" branch-rate="1" complexity="NaN">
              <lines />
            </method>
            <method name="ResolveTestContext" signature="(System.Type)" line-rate="1" branch-rate="1" complexity="NaN">
              <lines />
            </method>
            <method name="GetAssemblyInfo" signature="(System.Type)" line-rate="1" branch-rate="1" complexity="NaN">
              <lines />
            </method>
            <method name="IsAssemblyOrClassInitializeMethod" signature="(System.Reflection.MethodInfo)" line-rate="1" branch-rate="1" complexity="NaN">
              <lines />
            </method>
            <method name="IsAssemblyOrClassCleanupMethod" signature="(System.Reflection.MethodInfo)" line-rate="1" branch-rate="1" complexity="NaN">
              <lines />
            </method>
            <method name="UpdateInfoWithInitializeAndCleanupMethods" signature="(Microsoft.VisualStudio.TestPlatform.MSTest.TestAdapter.Execution.TestClassInfo,System.Reflection.MethodInfo[]&amp;)" line-rate="1" branch-rate="1" complexity="NaN">
              <lines />
            </method>
            <method name="UpdateInfoIfClassInitializeOrCleanupMethod" signature="(Microsoft.VisualStudio.TestPlatform.MSTest.TestAdapter.Execution.TestClassInfo,System.Reflection.MethodInfo,System.Boolean,System.Reflection.MethodInfo[]&amp;)" line-rate="1" branch-rate="1" complexity="NaN">
              <lines />
            </method>
            <method name="UpdateInfoIfTestInitializeOrCleanupMethod" signature="(Microsoft.VisualStudio.TestPlatform.MSTest.TestAdapter.Execution.TestClassInfo,System.Reflection.MethodInfo,System.Boolean,System.Collections.Generic.Dictionary`2&lt;System.String,System.String&gt;)" line-rate="1" branch-rate="1" complexity="NaN">
              <lines />
            </method>
            <method name="ResolveTestMethod" signature="(Microsoft.VisualStudio.TestPlatform.MSTest.TestAdapter.ObjectModel.TestMethod,Microsoft.VisualStudio.TestPlatform.MSTest.TestAdapter.Execution.TestClassInfo,Microsoft.VisualStudio.TestPlatform.MSTestAdapter.PlatformServices.Interface.ITestContext,System.Boolean)" line-rate="1" branch-rate="1" complexity="NaN">
              <lines />
            </method>
            <method name="GetTestMethodAttribute" signature="(System.Reflection.MethodInfo,Microsoft.VisualStudio.TestPlatform.MSTest.TestAdapter.Execution.TestClassInfo)" line-rate="1" branch-rate="1" complexity="NaN">
              <lines />
            </method>
            <method name="GetMethodInfoForTestMethod" signature="(Microsoft.VisualStudio.TestPlatform.MSTest.TestAdapter.ObjectModel.TestMethod,Microsoft.VisualStudio.TestPlatform.MSTest.TestAdapter.Execution.TestClassInfo)" line-rate="1" branch-rate="1" complexity="NaN">
              <lines />
            </method>
            <method name="GetMethodInfoUsingManagedNameHelper" signature="(Microsoft.VisualStudio.TestPlatform.MSTest.TestAdapter.ObjectModel.TestMethod,Microsoft.VisualStudio.TestPlatform.MSTest.TestAdapter.Execution.TestClassInfo,System.Boolean)" line-rate="1" branch-rate="1" complexity="NaN">
              <lines />
            </method>
            <method name="GetMethodInfoUsingRuntimeMethods" signature="(Microsoft.VisualStudio.TestPlatform.MSTest.TestAdapter.ObjectModel.TestMethod,Microsoft.VisualStudio.TestPlatform.MSTest.TestAdapter.Execution.TestClassInfo,System.Boolean)" line-rate="1" branch-rate="1" complexity="NaN">
              <lines />
            </method>
            <method name="GetTestTimeout" signature="(System.Reflection.MethodInfo,Microsoft.VisualStudio.TestPlatform.MSTest.TestAdapter.ObjectModel.TestMethod)" line-rate="1" branch-rate="1" complexity="NaN">
              <lines />
            </method>
            <method name="SetCustomProperties" signature="(Microsoft.VisualStudio.TestPlatform.MSTest.TestAdapter.Execution.TestMethodInfo,Microsoft.VisualStudio.TestPlatform.MSTestAdapter.PlatformServices.Interface.ITestContext)" line-rate="1" branch-rate="1" complexity="NaN">
              <lines />
            </method>
            <method name="ValidateAndAssignTestProperty" signature="(Microsoft.VisualStudio.TestPlatform.MSTest.TestAdapter.Execution.TestMethodInfo,Microsoft.VisualStudio.TestPlatform.MSTestAdapter.PlatformServices.Interface.ITestContext,System.String,System.String)" line-rate="1" branch-rate="1" complexity="NaN">
              <lines />
            </method>
            <method name=".cctor" signature="()" line-rate="1" branch-rate="1" complexity="1">
              <lines />
            </method>
          </methods>
          <lines />
        </class>
        <class name="Microsoft.VisualStudio.TestPlatform.MSTest.TestAdapter.Execution.UnitTestRunner" filename="/_/src/Adapter/MSTest.TestAdapter/Execution/UnitTestRunner.cs" line-rate="1" branch-rate="1" complexity="1">
          <methods>
            <method name=".ctor" signature="(Microsoft.VisualStudio.TestPlatform.MSTest.TestAdapter.MSTestSettings)" line-rate="1" branch-rate="1" complexity="NaN">
              <lines />
            </method>
            <method name=".ctor" signature="(Microsoft.VisualStudio.TestPlatform.MSTest.TestAdapter.MSTestSettings,Microsoft.VisualStudio.TestPlatform.MSTest.TestAdapter.Helpers.ReflectHelper)" line-rate="1" branch-rate="1" complexity="NaN">
              <lines />
            </method>
            <method name="InitializeLifetimeService" signature="()" line-rate="1" branch-rate="1" complexity="1">
              <lines />
            </method>
            <method name="InitializeClassCleanupManager" signature="(System.Collections.Generic.ICollection`1&lt;Microsoft.VisualStudio.TestPlatform.MSTest.TestAdapter.ObjectModel.UnitTestElement&gt;,System.Nullable`1&lt;System.Int32&gt;)" line-rate="1" branch-rate="1" complexity="NaN">
              <lines />
            </method>
            <method name="RunSingleTest" signature="(Microsoft.VisualStudio.TestPlatform.MSTest.TestAdapter.ObjectModel.TestMethod,System.Collections.Generic.IDictionary`2&lt;System.String,System.Object&gt;)" line-rate="1" branch-rate="1" complexity="NaN">
              <lines />
            </method>
            <method name="RunRequiredCleanups" signature="(Microsoft.VisualStudio.TestPlatform.MSTestAdapter.PlatformServices.Interface.ITestContext,Microsoft.VisualStudio.TestPlatform.MSTest.TestAdapter.Execution.TestMethodInfo,Microsoft.VisualStudio.TestPlatform.MSTest.TestAdapter.ObjectModel.TestMethod,Microsoft.VisualStudio.TestPlatform.MSTest.TestAdapter.ObjectModel.UnitTestResult[])" line-rate="1" branch-rate="1" complexity="NaN">
              <lines />
            </method>
            <method name="IsTestMethodRunnable" signature="(Microsoft.VisualStudio.TestPlatform.MSTest.TestAdapter.ObjectModel.TestMethod,Microsoft.VisualStudio.TestPlatform.MSTest.TestAdapter.Execution.TestMethodInfo,Microsoft.VisualStudio.TestPlatform.MSTest.TestAdapter.ObjectModel.UnitTestResult[]&amp;)" line-rate="1" branch-rate="1" complexity="NaN">
              <lines />
            </method>
            <method name=".ctor" signature="(System.Collections.Generic.IEnumerable`1&lt;Microsoft.VisualStudio.TestPlatform.MSTest.TestAdapter.ObjectModel.UnitTestElement&gt;,System.Nullable`1&lt;Microsoft.VisualStudio.TestTools.UnitTesting.ClassCleanupBehavior&gt;,Microsoft.VisualStudio.TestTools.UnitTesting.ClassCleanupBehavior,Microsoft.VisualStudio.TestPlatform.MSTest.TestAdapter.Helpers.ReflectHelper)" line-rate="1" branch-rate="1" complexity="NaN">
              <lines />
            </method>
            <method name="MarkTestComplete" signature="(Microsoft.VisualStudio.TestPlatform.MSTest.TestAdapter.Execution.TestMethodInfo,Microsoft.VisualStudio.TestPlatform.MSTest.TestAdapter.ObjectModel.TestMethod,System.Boolean&amp;,System.Boolean&amp;)" line-rate="1" branch-rate="1" complexity="NaN">
              <lines />
            </method>
          </methods>
          <lines />
        </class>
        <class name="Microsoft.VisualStudio.TestPlatform.MSTest.TestAdapter.Extensions.ExceptionExtensions" filename="/_/src/Adapter/MSTest.TestAdapter/Extensions/ExceptionExtensions.cs" line-rate="1" branch-rate="1" complexity="NaN">
          <methods>
            <method name="GetRealException" signature="(System.Exception)" line-rate="1" branch-rate="1" complexity="NaN">
              <lines />
            </method>
            <method name="TryGetMessage" signature="(System.Exception)" line-rate="1" branch-rate="1" complexity="NaN">
              <lines />
            </method>
            <method name="TryGetStackTraceInformation" signature="(System.Exception)" line-rate="1" branch-rate="1" complexity="NaN">
              <lines />
            </method>
            <method name="TryGetUnitTestAssertException" signature="(System.Exception,Microsoft.VisualStudio.TestTools.UnitTesting.UnitTestOutcome&amp;,System.String&amp;,Microsoft.VisualStudio.TestPlatform.MSTest.TestAdapter.ObjectModel.StackTraceInformation&amp;)" line-rate="1" branch-rate="1" complexity="NaN">
              <lines />
            </method>
          </methods>
          <lines />
        </class>
        <class name="Microsoft.VisualStudio.TestPlatform.MSTest.TestAdapter.Extensions.MethodInfoExtensions" filename="/_/src/Adapter/MSTest.TestAdapter/Extensions/MethodInfoExtensions.cs" line-rate="1" branch-rate="1" complexity="NaN">
          <methods>
            <method name="HasCorrectClassOrAssemblyInitializeSignature" signature="(System.Reflection.MethodInfo)" line-rate="1" branch-rate="1" complexity="NaN">
              <lines />
            </method>
            <method name="HasCorrectClassOrAssemblyCleanupSignature" signature="(System.Reflection.MethodInfo)" line-rate="1" branch-rate="1" complexity="NaN">
              <lines />
            </method>
            <method name="HasCorrectTestInitializeOrCleanupSignature" signature="(System.Reflection.MethodInfo)" line-rate="1" branch-rate="1" complexity="NaN">
              <lines />
            </method>
            <method name="HasCorrectTestMethodSignature" signature="(System.Reflection.MethodInfo,System.Boolean,System.Boolean)" line-rate="1" branch-rate="1" complexity="NaN">
              <lines />
            </method>
            <method name="HasCorrectTimeout" signature="(System.Reflection.MethodInfo)" line-rate="1" branch-rate="1" complexity="NaN">
              <lines />
            </method>
            <method name="IsVoidOrTaskReturnType" signature="(System.Reflection.MethodInfo)" line-rate="1" branch-rate="1" complexity="NaN">
              <lines />
            </method>
            <method name="GetAsyncTypeName" signature="(System.Reflection.MethodInfo)" line-rate="1" branch-rate="1" complexity="NaN">
              <lines />
            </method>
            <method name="InvokeAsSynchronousTask" signature="(System.Reflection.MethodInfo,System.Object,System.Object[])" line-rate="1" branch-rate="1" complexity="NaN">
              <lines />
            </method>
          </methods>
          <lines />
        </class>
        <class name="Microsoft.VisualStudio.TestPlatform.MSTest.TestAdapter.Extensions.TestCaseExtensions" filename="/_/src/Adapter/MSTest.TestAdapter/Extensions/TestCaseExtensions.cs" line-rate="1" branch-rate="1" complexity="1">
          <methods>
            <method name="GetTestName" signature="(Microsoft.VisualStudio.TestPlatform.ObjectModel.TestCase,System.String)" line-rate="1" branch-rate="1" complexity="NaN">
              <lines />
            </method>
            <method name="ToUnitTestElement" signature="(Microsoft.VisualStudio.TestPlatform.ObjectModel.TestCase,System.String)" line-rate="1" branch-rate="1" complexity="NaN">
              <lines />
            </method>
            <method name="GetManagedType" signature="(Microsoft.VisualStudio.TestPlatform.ObjectModel.TestCase)" line-rate="1" branch-rate="1" complexity="NaN">
              <lines />
            </method>
            <method name="SetManagedType" signature="(Microsoft.VisualStudio.TestPlatform.ObjectModel.TestCase,System.String)" line-rate="1" branch-rate="1" complexity="NaN">
              <lines />
            </method>
            <method name="GetManagedMethod" signature="(Microsoft.VisualStudio.TestPlatform.ObjectModel.TestCase)" line-rate="1" branch-rate="1" complexity="NaN">
              <lines />
            </method>
            <method name="SetManagedMethod" signature="(Microsoft.VisualStudio.TestPlatform.ObjectModel.TestCase,System.String)" line-rate="1" branch-rate="1" complexity="NaN">
              <lines />
            </method>
            <method name="ContainsManagedMethodAndType" signature="(Microsoft.VisualStudio.TestPlatform.ObjectModel.TestCase)" line-rate="1" branch-rate="1" complexity="NaN">
              <lines />
            </method>
            <method name="GetHierarchy" signature="(Microsoft.VisualStudio.TestPlatform.ObjectModel.TestCase)" line-rate="1" branch-rate="1" complexity="NaN">
              <lines />
            </method>
            <method name="SetHierarchy" signature="(Microsoft.VisualStudio.TestPlatform.ObjectModel.TestCase,System.String[])" line-rate="1" branch-rate="1" complexity="NaN">
              <lines />
            </method>
            <method name=".cctor" signature="()" line-rate="1" branch-rate="1" complexity="1">
              <lines />
            </method>
          </methods>
          <lines />
        </class>
        <class name="Microsoft.VisualStudio.TestPlatform.MSTest.TestAdapter.Extensions.TestContextExtensions" filename="/_/src/Adapter/MSTest.TestAdapter/Extensions/TestContextExtensions.cs" line-rate="1" branch-rate="1" complexity="NaN">
          <methods>
            <method name="GetAndClearDiagnosticMessages" signature="(Microsoft.VisualStudio.TestPlatform.MSTestAdapter.PlatformServices.Interface.ITestContext)" line-rate="1" branch-rate="1" complexity="NaN">
              <lines />
            </method>
          </methods>
          <lines />
        </class>
        <class name="Microsoft.VisualStudio.TestPlatform.MSTest.TestAdapter.Extensions.TestResultExtensions" filename="/_/src/Adapter/MSTest.TestAdapter/Extensions/TestResultExtensions.cs" line-rate="1" branch-rate="1" complexity="NaN">
          <methods>
            <method name="ToUnitTestResults" signature="(Microsoft.VisualStudio.TestTools.UnitTesting.TestResult[])" line-rate="1" branch-rate="1" complexity="NaN">
              <lines />
            </method>
          </methods>
          <lines />
        </class>
        <class name="Microsoft.VisualStudio.TestPlatform.MSTest.TestAdapter.Extensions.UnitTestOutcomeExtensions" filename="/_/src/Adapter/MSTest.TestAdapter/Extensions/UnitTestOutcomeExtensions.cs" line-rate="1" branch-rate="1" complexity="NaN">
          <methods>
            <method name="ToUnitTestOutcome" signature="(Microsoft.VisualStudio.TestTools.UnitTesting.UnitTestOutcome)" line-rate="1" branch-rate="1" complexity="NaN">
              <lines />
            </method>
            <method name="GetMoreImportantOutcome" signature="(Microsoft.VisualStudio.TestTools.UnitTesting.UnitTestOutcome,Microsoft.VisualStudio.TestTools.UnitTesting.UnitTestOutcome)" line-rate="1" branch-rate="1" complexity="NaN">
              <lines />
            </method>
          </methods>
          <lines />
        </class>
        <class name="Microsoft.VisualStudio.TestPlatform.MSTest.TestAdapter.Helpers.DataSerializationHelper" filename="/_/src/Adapter/MSTest.TestAdapter/Helpers/DataSerializationHelper.cs" line-rate="1" branch-rate="1" complexity="1">
          <methods>
            <method name="Serialize" signature="(System.Object[])" line-rate="1" branch-rate="1" complexity="NaN">
              <lines />
            </method>
            <method name="Deserialize" signature="(System.String[])" line-rate="1" branch-rate="1" complexity="NaN">
              <lines />
            </method>
            <method name="GetSerializer" signature="(System.String)" line-rate="1" branch-rate="1" complexity="NaN">
              <lines />
            </method>
            <method name="GetSerializer" signature="(System.Type)" line-rate="1" branch-rate="1" complexity="NaN">
              <lines />
            </method>
            <method name=".cctor" signature="()" line-rate="1" branch-rate="1" complexity="1">
              <lines />
            </method>
          </methods>
          <lines />
        </class>
        <class name="Microsoft.VisualStudio.TestPlatform.MSTest.TestAdapter.Helpers.DictionaryHelper" filename="/_/src/Adapter/MSTest.TestAdapter/Helpers/DictionaryHelper.cs" line-rate="1" branch-rate="1" complexity="NaN">
          <methods>
            <method name="ConcatWithOverwrites" signature="(System.Collections.Generic.IDictionary`2&lt;TKey,TValue&gt;,System.Collections.Generic.IDictionary`2&lt;TKey,TValue&gt;,System.String,System.String)" line-rate="1" branch-rate="1" complexity="NaN">
              <lines />
            </method>
          </methods>
          <lines />
        </class>
        <class name="Microsoft.VisualStudio.TestPlatform.MSTest.TestAdapter.Helpers.EnvironmentWrapper" filename="/_/src/Adapter/MSTest.TestAdapter/Helpers/EnvironmentWrapper.cs" line-rate="1" branch-rate="1" complexity="NaN">
          <methods>
            <method name="MachineName" signature="()" line-rate="1" branch-rate="1" complexity="NaN">
              <lines />
            </method>
          </methods>
          <lines />
        </class>
        <class name="Microsoft.VisualStudio.TestPlatform.MSTest.TestAdapter.Helpers.ReflectHelper" filename="/_/src/Adapter/MSTest.TestAdapter/Helpers/ReflectHelper.cs" line-rate="1" branch-rate="1" complexity="8">
          <methods>
            <method name="Instance" signature="()" line-rate="1" branch-rate="1" complexity="NaN">
              <lines />
            </method>
            <method name=".ctor" signature="()" line-rate="1" branch-rate="1" complexity="1">
              <lines />
            </method>
            <method name="IsAttributeDefined" signature="(System.Reflection.MemberInfo,System.Boolean)" line-rate="1" branch-rate="1" complexity="NaN">
              <lines />
            </method>
            <method name="IsAttributeDefined" signature="(System.Type,System.Boolean)" line-rate="1" branch-rate="1" complexity="NaN">
              <lines />
            </method>
            <method name="HasAttributeDerivedFrom" signature="(System.Type,System.Boolean)" line-rate="1" branch-rate="1" complexity="NaN">
              <lines />
            </method>
            <method name="HasAttributeDerivedFrom" signature="(System.Reflection.MemberInfo,System.Boolean)" line-rate="1" branch-rate="1" complexity="NaN">
              <lines />
            </method>
            <method name="ResolveExpectedExceptionHelper" signature="(System.Reflection.MethodInfo,Microsoft.VisualStudio.TestPlatform.MSTest.TestAdapter.ObjectModel.TestMethod)" line-rate="1" branch-rate="1" complexity="NaN">
              <lines />
            </method>
            <method name="InitializeLifetimeService" signature="()" line-rate="1" branch-rate="1" complexity="1">
              <lines />
            </method>
            <method name="GetAttributes" signature="(System.Reflection.MethodBase,System.Boolean)" line-rate="1" branch-rate="1" complexity="NaN">
              <lines />
            </method>
            <method name="MatchReturnType" signature="(System.Reflection.MethodInfo,System.Type)" line-rate="1" branch-rate="1" complexity="NaN">
              <lines />
            </method>
            <method name="GetCustomAttributes" signature="(System.Reflection.MemberInfo,System.Boolean)" line-rate="1" branch-rate="1" complexity="NaN">
              <lines />
            </method>
            <method name="GetCustomAttributes" signature="(System.Reflection.MemberInfo,System.Boolean)" line-rate="1" branch-rate="1" complexity="NaN">
              <lines />
            </method>
            <method name="GetAttribute" signature="(System.Reflection.MethodInfo)" line-rate="1" branch-rate="1" complexity="NaN">
              <lines />
            </method>
            <method name="IsMethodDeclaredInSameAssemblyAsType" signature="(System.Reflection.MethodInfo,System.Type)" line-rate="1" branch-rate="1" complexity="NaN">
              <lines />
            </method>
            <method name="GetCategories" signature="(System.Reflection.MemberInfo,System.Type)" line-rate="1" branch-rate="1" complexity="NaN">
              <lines />
            </method>
            <method name="GetParallelizeAttribute" signature="(System.Reflection.Assembly)" line-rate="1" branch-rate="1" complexity="NaN">
              <lines />
            </method>
            <method name="IsDoNotParallelizeSet" signature="(System.Reflection.MemberInfo,System.Type)" line-rate="1" branch-rate="1" complexity="NaN">
              <lines />
            </method>
            <method name="IsDoNotParallelizeSet" signature="(System.Reflection.Assembly)" line-rate="1" branch-rate="1" complexity="NaN">
              <lines />
            </method>
            <method name="GetClassCleanupAttribute" signature="(System.Reflection.Assembly)" line-rate="1" branch-rate="1" complexity="NaN">
              <lines />
            </method>
            <method name="GetCustomAttributesRecursively" signature="(System.Reflection.MemberInfo,System.Type)" line-rate="1" branch-rate="1" complexity="NaN">
              <lines />
            </method>
            <method name="GetCustomAttributeForAssembly" signature="(System.Reflection.MemberInfo)" line-rate="1" branch-rate="1" complexity="NaN">
              <lines />
            </method>
            <method name="GetCustomAttributes" signature="(System.Reflection.MemberInfo)" line-rate="1" branch-rate="1" complexity="NaN">
              <lines />
            </method>
            <method name="GetCustomAttribute" signature="(System.Reflection.MemberInfo)" line-rate="1" branch-rate="1" complexity="NaN">
              <lines />
            </method>
            <method name="GetTestOwnerAsTraits" signature="(System.Reflection.MemberInfo)" line-rate="1" branch-rate="1" complexity="NaN">
              <lines />
            </method>
            <method name="GetTestPriorityAsTraits" signature="(System.Nullable`1&lt;System.Int32&gt;)" line-rate="1" branch-rate="1" complexity="NaN">
              <lines />
            </method>
            <method name="GetPriority" signature="(System.Reflection.MemberInfo)" line-rate="1" branch-rate="1" complexity="NaN">
              <lines />
            </method>
            <method name="GetIgnoreMessage" signature="(System.Reflection.MemberInfo)" line-rate="1" branch-rate="1" complexity="NaN">
              <lines />
            </method>
            <method name="GetClassCleanupBehavior" signature="(Microsoft.VisualStudio.TestPlatform.MSTest.TestAdapter.Execution.TestClassInfo)" line-rate="1" branch-rate="1" complexity="NaN">
              <lines />
            </method>
            <method name="GetDerivedAttribute" signature="(System.Reflection.MemberInfo,System.Boolean)" line-rate="1" branch-rate="1" complexity="NaN">
              <lines />
            </method>
            <method name="GetDerivedAttribute" signature="(System.Type,System.Boolean)" line-rate="1" branch-rate="1" complexity="NaN">
              <lines />
            </method>
            <method name="GetOwner" signature="(System.Reflection.MemberInfo)" line-rate="1" branch-rate="1" complexity="NaN">
              <lines />
            </method>
            <method name="GetAttributes" signature="(System.Reflection.MemberInfo,System.Boolean)" line-rate="1" branch-rate="1" complexity="NaN">
              <lines />
            </method>
            <method name=".cctor" signature="()" line-rate="1" branch-rate="1" complexity="1">
              <lines />
            </method>
            <method name="GetTestPropertiesAsTraits" signature="()" line-rate="1" branch-rate="1" complexity="5">
              <lines />
            </method>
          </methods>
          <lines />
        </class>
        <class name="Microsoft.VisualStudio.TestPlatform.MSTest.TestAdapter.Helpers.RunSettingsUtilities" filename="/_/src/Adapter/MSTest.TestAdapter/Helpers/RunSettingsUtilities.cs" line-rate="1" branch-rate="1" complexity="NaN">
          <methods>
            <method name="ReaderSettings" signature="()" line-rate="1" branch-rate="1" complexity="NaN">
              <lines />
            </method>
            <method name="GetTestRunParameters" signature="(System.String)" line-rate="1" branch-rate="1" complexity="NaN">
              <lines />
            </method>
            <method name="ThrowOnHasAttributes" signature="(System.Xml.XmlReader)" line-rate="1" branch-rate="1" complexity="NaN">
              <lines />
            </method>
            <method name="GetNodeValue" signature="(System.String,System.String,System.Func`2&lt;System.Xml.XmlReader,T&gt;)" line-rate="1" branch-rate="1" complexity="NaN">
              <lines />
            </method>
          </methods>
          <lines />
        </class>
        <class name="Microsoft.VisualStudio.TestPlatform.MSTest.TestAdapter.Helpers.TestRunParameters" filename="/_/src/Adapter/MSTest.TestAdapter/Helpers/TestRunParameters.cs" line-rate="1" branch-rate="1" complexity="NaN">
          <methods>
            <method name="FromXml" signature="(System.Xml.XmlReader)" line-rate="1" branch-rate="1" complexity="NaN">
              <lines />
            </method>
          </methods>
          <lines />
        </class>
        <class name="Microsoft.VisualStudio.TestPlatform.MSTest.TestAdapter.Helpers.UnitTestOutcomeHelper" filename="/_/src/Adapter/MSTest.TestAdapter/Helpers/UnitTestOutcomeHelper.cs" line-rate="1" branch-rate="1" complexity="NaN">
          <methods>
            <method name="ToTestOutcome" signature="(Microsoft.VisualStudio.TestPlatform.MSTest.TestAdapter.ObjectModel.UnitTestOutcome,Microsoft.VisualStudio.TestPlatform.MSTest.TestAdapter.MSTestSettings)" line-rate="1" branch-rate="1" complexity="NaN">
              <lines />
            </method>
          </methods>
          <lines />
        </class>
        <class name="Microsoft.VisualStudio.TestPlatform.MSTest.TestAdapter.MSTestDiscoverer" filename="/_/src/Adapter/MSTest.TestAdapter/MSTestDiscoverer.cs" line-rate="1" branch-rate="1" complexity="NaN">
          <methods>
            <method name="DiscoverTests" signature="(System.Collections.Generic.IEnumerable`1&lt;System.String&gt;,Microsoft.VisualStudio.TestPlatform.ObjectModel.Adapter.IDiscoveryContext,Microsoft.VisualStudio.TestPlatform.ObjectModel.Logging.IMessageLogger,Microsoft.VisualStudio.TestPlatform.ObjectModel.Adapter.ITestCaseDiscoverySink)" line-rate="1" branch-rate="1" complexity="NaN">
              <lines />
            </method>
            <method name="AreValidSources" signature="(System.Collections.Generic.IEnumerable`1&lt;System.String&gt;)" line-rate="1" branch-rate="1" complexity="NaN">
              <lines />
            </method>
          </methods>
          <lines />
        </class>
        <class name="Microsoft.VisualStudio.TestPlatform.MSTest.TestAdapter.MSTestExecutor" filename="/_/src/Adapter/MSTest.TestAdapter/MSTestExecutor.cs" line-rate="1" branch-rate="1" complexity="3">
          <methods>
            <method name="TestExecutionManager" signature="()" line-rate="1" branch-rate="1" complexity="NaN">
              <lines />
            </method>
            <method name="TestExecutionManager" signature="(Microsoft.VisualStudio.TestPlatform.MSTest.TestAdapter.Execution.TestExecutionManager)" line-rate="1" branch-rate="1" complexity="NaN">
              <lines />
            </method>
            <method name=".ctor" signature="()" line-rate="1" branch-rate="1" complexity="1">
              <lines />
            </method>
            <method name="RunTests" signature="(System.Collections.Generic.IEnumerable`1&lt;Microsoft.VisualStudio.TestPlatform.ObjectModel.TestCase&gt;,Microsoft.VisualStudio.TestPlatform.ObjectModel.Adapter.IRunContext,Microsoft.VisualStudio.TestPlatform.ObjectModel.Adapter.IFrameworkHandle)" line-rate="1" branch-rate="1" complexity="NaN">
              <lines />
            </method>
            <method name="RunTests" signature="(System.Collections.Generic.IEnumerable`1&lt;System.String&gt;,Microsoft.VisualStudio.TestPlatform.ObjectModel.Adapter.IRunContext,Microsoft.VisualStudio.TestPlatform.ObjectModel.Adapter.IFrameworkHandle)" line-rate="1" branch-rate="1" complexity="NaN">
              <lines />
            </method>
            <method name="Cancel" signature="()" line-rate="1" branch-rate="1" complexity="2">
              <lines />
            </method>
          </methods>
          <lines />
        </class>
        <class name="Microsoft.VisualStudio.TestPlatform.MSTest.TestAdapter.MSTestSettings" filename="/_/src/Adapter/MSTest.TestAdapter/MSTestSettings.cs" line-rate="1" branch-rate="1" complexity="2">
          <methods>
            <method name="CurrentSettings" signature="()" line-rate="1" branch-rate="1" complexity="NaN">
              <lines />
            </method>
            <method name="CurrentSettings" signature="(Microsoft.VisualStudio.TestPlatform.MSTest.TestAdapter.MSTestSettings)" line-rate="1" branch-rate="1" complexity="NaN">
              <lines />
            </method>
            <method name="RunConfigurationSettings" signature="()" line-rate="1" branch-rate="1" complexity="NaN">
              <lines />
            </method>
            <method name="RunConfigurationSettings" signature="(Microsoft.VisualStudio.TestPlatform.MSTest.TestAdapter.RunConfigurationSettings)" line-rate="1" branch-rate="1" complexity="NaN">
              <lines />
            </method>
            <method name="CaptureDebugTraces" signature="()" line-rate="1" branch-rate="1" complexity="NaN">
              <lines />
            </method>
            <method name="CaptureDebugTraces" signature="(System.Boolean)" line-rate="1" branch-rate="1" complexity="NaN">
              <lines />
            </method>
            <method name="ForcedLegacyMode" signature="()" line-rate="1" branch-rate="1" complexity="NaN">
              <lines />
            </method>
            <method name="ForcedLegacyMode" signature="(System.Boolean)" line-rate="1" branch-rate="1" complexity="NaN">
              <lines />
            </method>
            <method name="TestSettingsFile" signature="()" line-rate="1" branch-rate="1" complexity="NaN">
              <lines />
            </method>
            <method name="TestSettingsFile" signature="(System.String)" line-rate="1" branch-rate="1" complexity="NaN">
              <lines />
            </method>
            <method name="MapInconclusiveToFailed" signature="()" line-rate="1" branch-rate="1" complexity="NaN">
              <lines />
            </method>
            <method name="MapInconclusiveToFailed" signature="(System.Boolean)" line-rate="1" branch-rate="1" complexity="NaN">
              <lines />
            </method>
            <method name="MapNotRunnableToFailed" signature="()" line-rate="1" branch-rate="1" complexity="NaN">
              <lines />
            </method>
            <method name="MapNotRunnableToFailed" signature="(System.Boolean)" line-rate="1" branch-rate="1" complexity="NaN">
              <lines />
            </method>
            <method name="TreatDiscoveryWarningsAsErrors" signature="()" line-rate="1" branch-rate="1" complexity="NaN">
              <lines />
            </method>
            <method name="TreatDiscoveryWarningsAsErrors" signature="(System.Boolean)" line-rate="1" branch-rate="1" complexity="NaN">
              <lines />
            </method>
            <method name="EnableBaseClassTestMethodsFromOtherAssemblies" signature="()" line-rate="1" branch-rate="1" complexity="NaN">
              <lines />
            </method>
            <method name="EnableBaseClassTestMethodsFromOtherAssemblies" signature="(System.Boolean)" line-rate="1" branch-rate="1" complexity="NaN">
              <lines />
            </method>
            <method name="ClassCleanupLifecycle" signature="()" line-rate="1" branch-rate="1" complexity="NaN">
              <lines />
            </method>
            <method name="ClassCleanupLifecycle" signature="(System.Nullable`1&lt;Microsoft.VisualStudio.TestTools.UnitTesting.ClassCleanupBehavior&gt;)" line-rate="1" branch-rate="1" complexity="NaN">
              <lines />
            </method>
            <method name="ParallelizationWorkers" signature="()" line-rate="1" branch-rate="1" complexity="NaN">
              <lines />
            </method>
            <method name="ParallelizationWorkers" signature="(System.Nullable`1&lt;System.Int32&gt;)" line-rate="1" branch-rate="1" complexity="NaN">
              <lines />
            </method>
            <method name="ParallelizationScope" signature="()" line-rate="1" branch-rate="1" complexity="NaN">
              <lines />
            </method>
            <method name="ParallelizationScope" signature="(System.Nullable`1&lt;Microsoft.VisualStudio.TestTools.UnitTesting.ExecutionScope&gt;)" line-rate="1" branch-rate="1" complexity="NaN">
              <lines />
            </method>
            <method name="DisableParallelization" signature="()" line-rate="1" branch-rate="1" complexity="NaN">
              <lines />
            </method>
            <method name="DisableParallelization" signature="(System.Boolean)" line-rate="1" branch-rate="1" complexity="NaN">
              <lines />
            </method>
            <method name="TestTimeout" signature="()" line-rate="1" branch-rate="1" complexity="NaN">
              <lines />
            </method>
            <method name="TestTimeout" signature="(System.Int32)" line-rate="1" branch-rate="1" complexity="NaN">
              <lines />
            </method>
            <method name="TreatClassAndAssemblyCleanupWarningsAsErrors" signature="()" line-rate="1" branch-rate="1" complexity="NaN">
              <lines />
            </method>
            <method name="TreatClassAndAssemblyCleanupWarningsAsErrors" signature="(System.Boolean)" line-rate="1" branch-rate="1" complexity="NaN">
              <lines />
            </method>
            <method name=".ctor" signature="()" line-rate="1" branch-rate="1" complexity="1">
              <lines />
            </method>
            <method name="PopulateSettings" signature="(Microsoft.VisualStudio.TestPlatform.MSTest.TestAdapter.MSTestSettings)" line-rate="1" branch-rate="1" complexity="NaN">
              <lines />
            </method>
            <method name="PopulateSettings" signature="(Microsoft.VisualStudio.TestPlatform.ObjectModel.Adapter.IDiscoveryContext)" line-rate="1" branch-rate="1" complexity="NaN">
              <lines />
            </method>
            <method name="IsLegacyScenario" signature="(Microsoft.VisualStudio.TestPlatform.ObjectModel.Logging.IMessageLogger)" line-rate="1" branch-rate="1" complexity="NaN">
              <lines />
            </method>
            <method name="GetSettings" signature="(System.String,System.String)" line-rate="1" branch-rate="1" complexity="NaN">
              <lines />
            </method>
            <method name="Reset" signature="()" line-rate="1" branch-rate="1" complexity="1">
              <lines />
            </method>
            <method name="ToSettings" signature="(System.Xml.XmlReader)" line-rate="1" branch-rate="1" complexity="NaN">
              <lines />
            </method>
            <method name="ValidateSettings" signature="(Microsoft.VisualStudio.TestPlatform.ObjectModel.Logging.IMessageLogger)" line-rate="1" branch-rate="1" complexity="NaN">
              <lines />
            </method>
            <method name="SetParallelSettings" signature="(System.Xml.XmlReader,Microsoft.VisualStudio.TestPlatform.MSTest.TestAdapter.MSTestSettings)" line-rate="1" branch-rate="1" complexity="NaN">
              <lines />
            </method>
            <method name="TryParseEnum" signature="(System.String,T&amp;)" line-rate="1" branch-rate="1" complexity="NaN">
              <lines />
            </method>
[...]
            <line number="101" hits="1" branch="false" />
            <line number="106" hits="1" branch="false" />
            <line number="108" hits="1" branch="false" />
            <line number="109" hits="1" branch="false" />
            <line number="110" hits="2" branch="false" />
            <line number="111" hits="2" branch="true" condition-coverage="50% (1/2)" />
            <line number="112" hits="2" branch="false" />
            <line number="113" hits="2" branch="false" />
            <line number="114" hits="2" branch="false" />
            <line number="115" hits="2" branch="false" />
            <line number="116" hits="1" branch="false" />
            <line number="117" hits="1" branch="false" />
            <line number="118" hits="1" branch="false" />
            <line number="119" hits="1" branch="false" />
            <line number="120" hits="1" branch="false" />
          </lines>
        </class>
        <class name="PowerPoint.Tests.ViewModelTests" filename="C:\Users\tamam\OneDrive\桌面\翁廷豪的程式作業\HW#3\PowerPoint\PowerPointTests\PresentationModel\ViewModelTests.cs" line-rate="1" branch-rate="1" complexity="20">
          <methods>
            <method name="Initialize" signature="()" line-rate="1" branch-rate="1" complexity="1">
              <lines>
                <line number="22" hits="19" branch="false" />
                <line number="23" hits="19" branch="false" />
                <line number="24" hits="19" branch="false" />
                <line number="25" hits="19" branch="false" />
              </lines>
            </method>
            <method name="TestViewModel" signature="()" line-rate="1" branch-rate="1" complexity="1">
              <lines>
                <line number="30" hits="1" branch="false" />
                <line number="31" hits="1" branch="false" />
                <line number="32" hits="1" branch="false" />
              </lines>
            </method>
            <method name="TestDraw" signature="()" line-rate="1" branch-rate="1" complexity="1">
              <lines>
                <line number="37" hits="1" branch="false" />
                <line number="38" hits="1" branch="false" />
                <line number="39" hits="1" branch="false" />
              </lines>
            </method>
            <method name="TestResetState" signature="()" line-rate="1" branch-rate="1" complexity="1">
              <lines>
                <line number="44" hits="3" branch="false" />
                <line number="45" hits="3" branch="false" />
                <line number="46" hits="3" branch="false" />
                <line number="47" hits="3" branch="false" />
                <line number="48" hits="3" branch="false" />
                <line number="49" hits="3" branch="false" />
                <line number="50" hits="3" branch="false" />
                <line number="51" hits="3" branch="false" />
                <line number="53" hits="3" branch="false" />
              </lines>
            </method>
            <method name="TestPointer" signature="()" line-rate="1" branch-rate="1" complexity="1">
              <lines>
                <line number="58" hits="1" branch="false" />
                <line number="59" hits="1" branch="false" />
                <line number="60" hits="1" branch="false" />
              </lines>
            </method>
            <method name="TestIsDrawingEnabled" signature="()" line-rate="1" branch-rate="1" complexity="1">
              <lines>
                <line number="65" hits="1" branch="false" />
                <line number="66" hits="1" branch="false" />
                <line number="67" hits="1" branch="false" />
                <line number="68" hits="1" branch="false" />
                <line number="69" hits="1" branch="false" />
                <line number="70" hits="1" branch="false" />
                <line number="71" hits="1" branch="false" />
                <line number="72" hits="1" branch="false" />
                <line number="73" hits="1" branch="false" />
                <line number="74" hits="1" branch="false" />
                <line number="75" hits="1" branch="false" />
                <line number="76" hits="1" branch="false" />
                <line number="77" hits="1" branch="false" />
              </lines>
            </method>
            <method name="TestIsRectangleEnabled" signature="()" line-rate="1" branch-rate="1" complexity="1">
              <lines>
                <line number="82" hits="1" branch="false" />
                <line number="83" hits="1" branch="false" />
                <line number="84" hits="1" branch="false" />
              </lines>
            </method>
            <method name="TestIsLineEnabled" signature="()" line-rate="1" branch-rate="1" complexity="1">
              <lines>
                <line number="89" hits="1" branch="false" />
                <line number="90" hits="1" branch="false" />
                <line number="91" hits="1" branch="false" />
              </lines>
            </method>
            <method name="TestIsEllipseEnabled" signature="()" line-rate="1" branch-rate="1" complexity="1">
              <lines>
                <line number="96" hits="1" branch="false" />
                <line number="97" hits="1" branch="false" />
                <line number="98" hits="1" branch="false" />
              </lines>
            </method>
            <method name="TestStartDrawing" signature="()" line-rate="1" branch-rate="1" complexity="1">
              <lines>
                <line number="103" hits="1" branch="false" />
                <line number="104" hits="1" branch="false" />
                <line number="105" hits="1" branch="false" />
                <line number="106" hits="1" branch="false" />
                <line number="107" hits="1" branch="false" />
                <line number="108" hits="1" branch="false" />
              </lines>
            </method>
            <method name="TestBeingRectangleMode" signature="()" line-rate="1" branch-rate="1" complexity="1">
              <lines>
                <line number="113" hits="1" branch="false" />
                <line number="114" hits="1" branch="false" />
                <line number="115" hits="1" branch="false" />
                <line number="116" hits="1" branch="false" />
                <line number="117" hits="1" branch="false" />
                <line number="118" hits="1" branch="false" />
                <line number="119" hits="1" branch="false" />
              </lines>
            </method>
            <method name="TestBeingLineMode" signature="()" line-rate="1" branch-rate="1" complexity="1">
              <lines>
                <line number="124" hits="1" branch="false" />
                <line number="125" hits="1" branch="false" />
                <line number="126" hits="1" branch="false" />
                <line number="127" hits="1" branch="false" />
                <line number="128" hits="1" branch="false" />
                <line number="129" hits="1" branch="false" />
                <line number="130" hits="1" branch="false" />
              </lines>
            </method>
            <method name="TestBeingEllipseMode" signature="()" line-rate="1" branch-rate="1" complexity="1">
              <lines>
                <line number="135" hits="1" branch="false" />
                <line number="136" hits="1" branch="false" />
                <line number="137" hits="1" branch="false" />
                <line number="138" hits="1" branch="false" />
                <line number="139" hits="1" branch="false" />
                <line number="140" hits="1" branch="false" />
                <line number="141" hits="1" branch="false" />
              </lines>
            </method>
            <method name="TestAddShape" signature="()" line-rate="1" branch-rate="1" complexity="1">
              <lines>
                <line number="146" hits="1" branch="false" />
                <line number="147" hits="1" branch="false" />
                <line number="148" hits="1" branch="false" />
                <line number="149" hits="1" branch="false" />
                <line number="150" hits="1" branch="false" />
                <line number="151" hits="1" branch="false" />
              </lines>
            </method>
            <method name="TestDeleteShapeButton" signature="()" line-rate="1" branch-rate="1" complexity="1">
              <lines>
                <line number="156" hits="1" branch="false" />
                <line number="157" hits="1" branch="false" />
                <line number="158" hits="1" branch="false" />
                <line number="159" hits="1" branch="false" />
                <line number="160" hits="1" branch="false" />
              </lines>
            </method>
            <method name="TestDeleteSelectedShape" signature="()" line-rate="1" branch-rate="1" complexity="1">
              <lines>
                <line number="165" hits="1" branch="false" />
                <line number="166" hits="1" branch="false" />
                <line number="167" hits="1" branch="false" />
                <line number="168" hits="1" branch="false" />
                <line number="169" hits="1" branch="false" />
                <line number="170" hits="1" branch="false" />
              </lines>
            </method>
            <method name="TestClickDrawPictureBox" signature="()" line-rate="1" branch-rate="1" complexity="1">
              <lines>
                <line number="175" hits="1" branch="false" />
                <line number="176" hits="1" branch="false" />
                <line number="177" hits="1" branch="false" />
                <line number="178" hits="1" branch="false" />
                <line number="179" hits="1" branch="false" />
                <line number="180" hits="1" branch="false" />
                <line number="181" hits="1" branch="false" />
                <line number="182" hits="1" branch="false" />
                <line number="183" hits="1" branch="false" />
                <line number="184" hits="1" branch="false" />
                <line number="185" hits="1" branch="false" />
                <line number="186" hits="1" branch="false" />
                <line number="187" hits="1" branch="false" />
                <line number="188" hits="1" branch="false" />
                <line number="189" hits="1" branch="false" />
              </lines>
            </method>
            <method name="TestPressDrawPictureBox" signature="()" line-rate="1" branch-rate="1" complexity="1">
              <lines>
                <line number="194" hits="1" branch="false" />
                <line number="195" hits="1" branch="false" />
                <line number="196" hits="1" branch="false" />
                <line number="197" hits="1" branch="false" />
                <line number="198" hits="1" branch="false" />
                <line number="199" hits="1" branch="false" />
                <line number="200" hits="1" branch="false" />
              </lines>
            </method>
            <method name="TestMoveMouseOnDrawPictureBox" signature="()" line-rate="1" branch-rate="1" complexity="1">
              <lines>
                <line number="205" hits="1" branch="false" />
                <line number="206" hits="1" branch="false" />
                <line number="207" hits="1" branch="false" />
                <line number="208" hits="1" branch="false" />
                <line number="209" hits="1" branch="false" />
                <line number="210" hits="1" branch="false" />
                <line number="211" hits="1" branch="false" />
              </lines>
            </method>
            <method name="TestReleaseDrawPictureBox" signature="()" line-rate="1" branch-rate="1" complexity="1">
              <lines>
                <line number="216" hits="1" branch="false" />
                <line number="217" hits="1" branch="false" />
                <line number="218" hits="1" branch="false" />
                <line number="219" hits="1" branch="false" />
                <line number="220" hits="1" branch="false" />
                <line number="221" hits="1" branch="false" />
                <line number="222" hits="1" branch="false" />
              </lines>
            </method>
          </methods>
          <lines>
            <line number="22" hits="19" branch="false" />
            <line number="23" hits="19" branch="false" />
            <line number="24" hits="19" branch="false" />
            <line number="25" hits="19" branch="false" />
            <line number="30" hits="1" branch="false" />
            <line number="31" hits="1" branch="false" />
            <line number="32" hits="1" branch="false" />
            <line number="37" hits="1" branch="false" />
            <line number="38" hits="1" branch="false" />
            <line number="39" hits="1" branch="false" />
            <line number="44" hits="3" branch="false" />
            <line number="45" hits="3" branch="false" />
            <line number="46" hits="3" branch="false" />
            <line number="47" hits="3" branch="false" />
            <line number="48" hits="3" branch="false" />
            <line number="49" hits="3" branch="false" />
            <line number="50" hits="3" branch="false" />
            <line number="51" hits="3" branch="false" />
            <line number="53" hits="3" branch="false" />
            <line number="58" hits="1" branch="false" />
            <line number="59" hits="1" branch="false" />
            <line number="60" hits="1" branch="false" />
            <line number="65" hits="1" branch="false" />
            <line number="66" hits="1" branch="false" />
            <line number="67" hits="1" branch="false" />
            <line number="68" hits="1" branch="false" />
            <line number="69" hits="1" branch="false" />
            <line number="70" hits="1" branch="false" />
            <line number="71" hits="1" branch="false" />
            <line number="72" hits="1" branch="false" />
            <line number="73" hits="1" branch="false" />
            <line number="74" hits="1" branch="false" />
            <line number="75" hits="1" branch="false" />
            <line number="76" hits="1" branch="false" />
            <line number="77" hits="1" branch="false" />
            <line number="82" hits="1" branch="false" />
            <line number="83" hits="1" branch="false" />
            <line number="84" hits="1" branch="false" />
            <line number="89" hits="1" branch="false" />
            <line number="90" hits="1" branch="false" />
            <line number="91" hits="1" branch="false" />
            <line number="96" hits="1" branch="false" />
            <line number="97" hits="1" branch="false" />
            <line number="98" hits="1" branch="false" />
            <line number="103" hits="1" branch="false" />
            <line number="104" hits="1" branch="false" />
            <line number="105" hits="1" branch="false" />
            <line number="106" hits="1" branch="false" />
            <line number="107" hits="1" branch="false" />
            <line number="108" hits="1" branch="false" />
            <line number="113" hits="1" branch="false" />
            <line number="114" hits="1" branch="false" />
            <line number="115" hits="1" branch="false" />
            <line number="116" hits="1" branch="false" />
            <line number="117" hits="1" branch="false" />
            <line number="118" hits="1" branch="false" />
            <line number="119" hits="1" branch="false" />
            <line number="124" hits="1" branch="false" />
            <line number="125" hits="1" branch="false" />
            <line number="126" hits="1" branch="false" />
            <line number="127" hits="1" branch="false" />
            <line number="128" hits="1" branch="false" />
            <line number="129" hits="1" branch="false" />
            <line number="130" hits="1" branch="false" />
            <line number="135" hits="1" branch="false" />
            <line number="136" hits="1" branch="false" />
            <line number="137" hits="1" branch="false" />
            <line number="138" hits="1" branch="false" />
            <line number="139" hits="1" branch="false" />
            <line number="140" hits="1" branch="false" />
            <line number="141" hits="1" branch="false" />
            <line number="146" hits="1" branch="false" />
            <line number="147" hits="1" branch="false" />
            <line number="148" hits="1" branch="false" />
            <line number="149" hits="1" branch="false" />
            <line number="150" hits="1" branch="false" />
            <line number="151" hits="1" branch="false" />
            <line number="156" hits="1" branch="false" />
            <line number="157" hits="1" branch="false" />
            <line number="158" hits="1" branch="false" />
            <line number="159" hits="1" branch="false" />
            <line number="160" hits="1" branch="false" />
            <line number="165" hits="1" branch="false" />
            <line number="166" hits="1" branch="false" />
            <line number="167" hits="1" branch="false" />
            <line number="168" hits="1" branch="false" />
            <line number="169" hits="1" branch="false" />
            <line number="170" hits="1" branch="false" />
            <line number="175" hits="1" branch="false" />
            <line number="176" hits="1" branch="false" />
            <line number="177" hits="1" branch="false" />
            <line number="178" hits="1" branch="false" />
            <line number="179" hits="1" branch="false" />
            <line number="180" hits="1" branch="false" />
            <line number="181" hits="1" branch="false" />
            <line number="182" hits="1" branch="false" />
            <line number="183" hits="1" branch="false" />
            <line number="184" hits="1" branch="false" />
            <line number="185" hits="1" branch="false" />
            <line number="186" hits="1" branch="false" />
            <line number="187" hits="1" branch="false" />
            <line number="188" hits="1" branch="false" />
            <line number="189" hits="1" branch="false" />
            <line number="194" hits="1" branch="false" />
            <line number="195" hits="1" branch="false" />
            <line number="196" hits="1" branch="false" />
            <line number="197" hits="1" branch="false" />
            <line number="198" hits="1" branch="false" />
            <line number="199" hits="1" branch="false" />
            <line number="200" hits="1" branch="false" />
            <line number="205" hits="1" branch="false" />
            <line number="206" hits="1" branch="false" />
            <line number="207" hits="1" branch="false" />
            <line number="208" hits="1" branch="false" />
            <line number="209" hits="1" branch="false" />
            <line number="210" hits="1" branch="false" />
            <line number="211" hits="1" branch="false" />
            <line number="216" hits="1" branch="false" />
            <line number="217" hits="1" branch="false" />
            <line number="218" hits="1" branch="false" />
            <line number="219" hits="1" branch="false" />
            <line number="220" hits="1" branch="false" />
            <line number="221" hits="1" branch="false" />
            <line number="222" hits="1" branch="false" />
          </lines>
        </class>
      </classes>
    </package>
  </packages>
</coverage>